Added Component: Designator=C1(C1206)
Added Component: Designator=C1(C1206)
Added Component: Designator=C1(C1206)
Added Component: Designator=C1(C1206)
Added Component: Designator=C1(C1206)
Added Component: Designator=C1(C1206)
Added Component: Designator=C1(C1206)
Added Component: Designator=C1(C1206)
Added Component: Designator=C1(C1206)
Added Component: Designator=C1(C1206)
Added Component: Designator=C1(C1206)
Added Component: Designator=C1(C1206)
Added Component: Designator=C1(C1206)
Added Component: Designator=C1(C1206)
Added Component: Designator=C1(C1206)
Added Component: Designator=C1(C1206)
Added Component: Designator=C2(C1206)
Added Component: Designator=C2(C1206)
Added Component: Designator=C3(C1206)
Added Component: Designator=C3(C1206)
Added Component: Designator=C4(C1206)
Added Component: Designator=C4(C1206)
Added Component: Designator=C4(C1206)
Added Component: Designator=C4(C1206)
Added Component: Designator=C4(C1206)
Added Component: Designator=D1(3.2X1.6X1.1)
Added Component: Designator=D2(3.2X1.6X1.1)
Added Component: Designator=D2(3.2X1.6X1.1)
Added Component: Designator=MC1(44A_N)
Added Component: Designator=Q1(R38)
Added Component: Designator=R1(AXIAL-0.4)
Added Component: Designator=R1(AXIAL-0.4)
Added Component: Designator=R1(AXIAL-0.4)
Added Component: Designator=R1(AXIAL-0.4)
Added Component: Designator=R1(AXIAL-0.4)
Added Component: Designator=R1(AXIAL-0.4)
Added Component: Designator=R2(AXIAL-0.4)
Added Component: Designator=R2(AXIAL-0.4)
Added Component: Designator=R2(AXIAL-0.4)
Added Component: Designator=R2(AXIAL-0.4)
Added Component: Designator=R2(AXIAL-0.4)
Added Component: Designator=R2(AXIAL-0.4)
Added Component: Designator=R2(AXIAL-0.4)
Added Component: Designator=R2(AXIAL-0.4)
Added Component: Designator=R2(AXIAL-0.4)
Added Component: Designator=R2(AXIAL-0.4)
Added Component: Designator=R2(AXIAL-0.4)
Added Component: Designator=R2(AXIAL-0.4)
Added Component: Designator=R2(AXIAL-0.4)
Added Component: Designator=R2(AXIAL-0.4)
Added Component: Designator=R2(AXIAL-0.4)
Added Component: Designator=R2(AXIAL-0.4)
Added Component: Designator=R2(AXIAL-0.4)
Added Component: Designator=R3(AXIAL-0.4)
Added Component: Designator=R4(AXIAL-0.4)
Added Pin To Net: NetName=3.3V Pin=C1-2
Added Pin To Net: NetName=3.3V Pin=C1-2
Added Net: Name=3.3V
Added Pin To Net: NetName=5V Pin=C1-2
Added Pin To Net: NetName=5V Pin=C1-2
Added Net: Name=5V
Added Pin To Net: NetName=GND Pin=C1-1
Added Pin To Net: NetName=GND Pin=C1-1
Added Pin To Net: NetName=GND Pin=C1-1
Added Pin To Net: NetName=GND Pin=C1-1
Added Pin To Net: NetName=GND Pin=C1-1
Added Pin To Net: NetName=GND Pin=C1-1
Added Pin To Net: NetName=GND Pin=C1-1
Added Pin To Net: NetName=GND Pin=C1-1
Added Pin To Net: NetName=GND Pin=C1-1
Added Pin To Net: NetName=GND Pin=C1-1
Added Pin To Net: NetName=GND Pin=C1-1
Added Pin To Net: NetName=GND Pin=C1-1
Added Pin To Net: NetName=GND Pin=C1-1
Added Pin To Net: NetName=GND Pin=C1-1
Added Pin To Net: NetName=GND Pin=C1-1
Added Pin To Net: NetName=GND Pin=C1-2
Added Pin To Net: NetName=GND Pin=C2-1
Added Pin To Net: NetName=GND Pin=C2-1
Added Pin To Net: NetName=GND Pin=C3-1
Added Pin To Net: NetName=GND Pin=C3-2
Added Pin To Net: NetName=GND Pin=C4-1
Added Pin To Net: NetName=GND Pin=C4-1
Added Pin To Net: NetName=GND Pin=C4-2
Added Pin To Net: NetName=GND Pin=C4-2
Added Pin To Net: NetName=GND Pin=C4-2
Added Pin To Net: NetName=GND Pin=MC1-6
Added Pin To Net: NetName=GND Pin=MC1-18
Added Pin To Net: NetName=GND Pin=MC1-28
Added Pin To Net: NetName=GND Pin=MC1-39
Added Pin To Net: NetName=GND Pin=R1-1
Added Pin To Net: NetName=GND Pin=R1-1
Added Pin To Net: NetName=GND Pin=R1-1
Added Pin To Net: NetName=GND Pin=R2-1
Added Net: Name=GND
Added Pin To Net: NetName=Net*_2 Pin=R1-1
Added Net: Name=Net*_2
Added Pin To Net: NetName=Net*_4 Pin=R1-2
Added Net: Name=Net*_4
Added Net: Name=Net*_6
Added Pin To Net: NetName=Net*_8 Pin=R1-1
Added Net: Name=Net*_8
Added Net: Name=Net*_10
Added Pin To Net: NetName=Net*_26 Pin=C4-1
Added Net: Name=Net*_26
Added Pin To Net: NetName=Net*_28 Pin=C4-2
Added Net: Name=Net*_28
Added Pin To Net: NetName=NetC1_1 Pin=C1-1
Added Net: Name=NetC1_1
Added Pin To Net: NetName=NetC1_2 Pin=C1-2
Added Pin To Net: NetName=NetC1_2 Pin=MC1-8
Added Pin To Net: NetName=NetC1_2 Pin=Q1-2
Added Net: Name=NetC1_2
Added Pin To Net: NetName=NetC2_2 Pin=C2-2
Added Pin To Net: NetName=NetC2_2 Pin=MC1-7
Added Pin To Net: NetName=NetC2_2 Pin=Q1-1
Added Net: Name=NetC2_2
Added Pin To Net: NetName=NetC4_1 Pin=C4-1
Added Pin To Net: NetName=NetC4_1 Pin=MC1-27
Added Net: Name=NetC4_1
Added Pin To Net: NetName=NetCON1_1 Pin=MC1-21
Added Net: Name=NetCON1_1
Added Pin To Net: NetName=NetCON1_3 Pin=MC1-23
Added Net: Name=NetCON1_3
Added Pin To Net: NetName=NetCON1_4 Pin=MC1-29
Added Net: Name=NetCON1_4
Added Pin To Net: NetName=NetCON1_5 Pin=MC1-22
Added Net: Name=NetCON1_5
Added Pin To Net: NetName=NetCON1_8 Pin=MC1-40
Added Net: Name=NetCON1_8
Added Pin To Net: NetName=NetCON1_9 Pin=MC1-24
Added Net: Name=NetCON1_9
Added Pin To Net: NetName=NetD1_1 Pin=D1-1
Added Pin To Net: NetName=NetD1_1 Pin=MC1-26
Added Net: Name=NetD1_1
Added Pin To Net: NetName=NetD1_2 Pin=D1-2
Added Pin To Net: NetName=NetD1_2 Pin=R2-2
Added Net: Name=NetD1_2
Added Pin To Net: NetName=NetD2_1 Pin=D2-1
Added Pin To Net: NetName=NetD2_1 Pin=MC1-41
Added Net: Name=NetD2_1
Added Pin To Net: NetName=NetD2_2 Pin=D2-2
Added Pin To Net: NetName=NetD2_2 Pin=R1-2
Added Net: Name=NetD2_2
Added Pin To Net: NetName=NetLD1_6 Pin=R2-2
Added Net: Name=NetLD1_6
Added Pin To Net: NetName=NetLD1_7 Pin=R2-2
Added Net: Name=NetLD1_7
Added Pin To Net: NetName=NetLD1_8 Pin=R2-2
Added Net: Name=NetLD1_8
Added Pin To Net: NetName=NetLD1_9 Pin=R2-2
Added Net: Name=NetLD1_9
Added Pin To Net: NetName=NetLD1_10 Pin=R2-2
Added Net: Name=NetLD1_10
Added Pin To Net: NetName=NetLD1_11 Pin=R2-2
Added Net: Name=NetLD1_11
Added Pin To Net: NetName=NetLD1_12 Pin=R2-2
Added Net: Name=NetLD1_12
Added Pin To Net: NetName=NetLD1_13 Pin=R2-2
Added Net: Name=NetLD1_13
Added Pin To Net: NetName=NetLD1_15 Pin=R2-1
Added Net: Name=NetLD1_15
Added Pin To Net: NetName=NetLD1_16 Pin=R2-1
Added Net: Name=NetLD1_16
Added Pin To Net: NetName=NetLD1_17 Pin=R2-1
Added Net: Name=NetLD1_17
Added Pin To Net: NetName=NetLD1_18 Pin=R2-1
Added Net: Name=NetLD1_18
Added Pin To Net: NetName=NetLD1_19 Pin=R2-1
Added Net: Name=NetLD1_19
Added Pin To Net: NetName=NetLD1_20 Pin=R2-1
Added Net: Name=NetLD1_20
Added Pin To Net: NetName=NetLD1_21 Pin=R2-1
Added Net: Name=NetLD1_21
Added Pin To Net: NetName=NetLD1_22 Pin=R2-1
Added Net: Name=NetLD1_22
Added Pin To Net: NetName=NetMC1_37 Pin=MC1-37
Added Net: Name=NetMC1_37
Added Pin To Net: NetName=NetR2_1 Pin=R2-1
Added Net: Name=NetR2_1
Added Pin To Net: NetName=NetR2_2 Pin=R2-2
Added Net: Name=NetR2_2
Added Pin To Net: NetName=RST Pin=MC1-4
Added Pin To Net: NetName=RST Pin=R1-2
Added Net: Name=RST
Added Pin To Net: NetName=SCL Pin=MC1-19
Added Pin To Net: NetName=SCL Pin=R4-2
Added Net: Name=SCL
Added Pin To Net: NetName=SDA Pin=MC1-20
Added Pin To Net: NetName=SDA Pin=R3-2
Added Net: Name=SDA
Added Pin To Net: NetName=VCC Pin=C1-2
Added Pin To Net: NetName=VCC Pin=C1-2
Added Pin To Net: NetName=VCC Pin=C1-2
Added Pin To Net: NetName=VCC Pin=C1-2
Added Pin To Net: NetName=VCC Pin=C1-2
Added Pin To Net: NetName=VCC Pin=C1-2
Added Pin To Net: NetName=VCC Pin=C1-2
Added Pin To Net: NetName=VCC Pin=C1-2
Added Pin To Net: NetName=VCC Pin=C1-2
Added Pin To Net: NetName=VCC Pin=C1-2
Added Pin To Net: NetName=VCC Pin=C2-2
Added Pin To Net: NetName=VCC Pin=C3-1
Added Pin To Net: NetName=VCC Pin=C3-2
Added Pin To Net: NetName=VCC Pin=C4-1
Added Pin To Net: NetName=VCC Pin=C4-2
Added Pin To Net: NetName=VCC Pin=MC1-5
Added Pin To Net: NetName=VCC Pin=MC1-17
Added Pin To Net: NetName=VCC Pin=MC1-38
Added Pin To Net: NetName=VCC Pin=R1-1
Added Pin To Net: NetName=VCC Pin=R1-2
Added Pin To Net: NetName=VCC Pin=R1-2
Added Pin To Net: NetName=VCC Pin=R3-1
Added Pin To Net: NetName=VCC Pin=R4-1
Added Net: Name=VCC
Added Class: Name=adc
Added Class: Name=main_arm
Added Class: Name=main
Added Class: Name=mpu
Added Class: Name=power_supply
Added Class: Name=pwm_driver
Added Room: Name=adc
Added Room: Name=main
Added Room: Name=main_arm
Added Room: Name=mpu
Added Room: Name=power_supply
Added Room: Name=pwm_driver
